<?xml version="1.0" encoding="UTF-8"?>
<coverage generated="1710708880">
  <project timestamp="1710708880">
    <file name="/path/src/Path.php">
      <class name="Path\Path" namespace="global">
        <metrics complexity="187" methods="70" coveredmethods="69" conditionals="0" coveredconditionals="0" statements="356" coveredstatements="354" elements="426" coveredelements="423"/>
      </class>
      <line num="53" type="method" name="join" visibility="public" complexity="5" crap="5" count="5"/>
      <line num="55" type="stmt" count="5"/>
      <line num="56" type="stmt" count="5"/>
      <line num="58" type="stmt" count="5"/>
      <line num="59" type="stmt" count="5"/>
      <line num="60" type="stmt" count="3"/>
      <line num="61" type="stmt" count="4"/>
      <line num="62" type="stmt" count="2"/>
      <line num="64" type="stmt" count="4"/>
      <line num="67" type="stmt" count="5"/>
      <line num="70" type="method" name="__construct" visibility="public" complexity="1" crap="1" count="177"/>
      <line num="72" type="stmt" count="177"/>
      <line num="74" type="stmt" count="177"/>
      <line num="75" type="stmt" count="177"/>
      <line num="76" type="stmt" count="177"/>
      <line num="79" type="method" name="__toString" visibility="public" complexity="1" crap="1" count="15"/>
      <line num="80" type="stmt" count="15"/>
      <line num="89" type="method" name="cast" visibility="protected" complexity="1" crap="1" count="2"/>
      <line num="91" type="stmt" count="2"/>
      <line num="99" type="method" name="path" visibility="public" complexity="1" crap="1" count="6"/>
      <line num="101" type="stmt" count="6"/>
      <line num="111" type="method" name="eq" visibility="public" complexity="1" crap="1" count="1"/>
      <line num="112" type="stmt" count="1"/>
      <line num="123" type="method" name="append" visibility="public" complexity="1" crap="1" count="3"/>
      <line num="125" type="stmt" count="3"/>
      <line num="126" type="stmt" count="3"/>
      <line num="135" type="method" name="absPath" visibility="public" complexity="2" crap="2" count="2"/>
      <line num="137" type="stmt" count="2"/>
      <line num="138" type="stmt" count="2"/>
      <line num="139" type="stmt" count="1"/>
      <line num="141" type="stmt" count="1"/>
      <line num="148" type="method" name="realpath" visibility="public" complexity="1" crap="1" count="1"/>
      <line num="150" type="stmt" count="1"/>
      <line num="164" type="method" name="access" visibility="public" complexity="1" crap="1" count="5"/>
      <line num="166" type="stmt" count="5"/>
      <line num="167" type="stmt" count="5"/>
      <line num="168" type="stmt" count="5"/>
      <line num="169" type="stmt" count="5"/>
      <line num="170" type="stmt" count="5"/>
      <line num="171" type="stmt" count="5"/>
      <line num="172" type="stmt" count="5"/>
      <line num="182" type="method" name="atime" visibility="public" complexity="3" crap="3" count="3"/>
      <line num="184" type="stmt" count="3"/>
      <line num="185" type="stmt" count="1"/>
      <line num="187" type="stmt" count="2"/>
      <line num="188" type="stmt" count="2"/>
      <line num="189" type="stmt" count="1"/>
      <line num="191" type="stmt" count="1"/>
      <line num="201" type="method" name="ctime" visibility="public" complexity="3" crap="3" count="3"/>
      <line num="203" type="stmt" count="3"/>
      <line num="204" type="stmt" count="1"/>
      <line num="206" type="stmt" count="2"/>
      <line num="207" type="stmt" count="2"/>
      <line num="208" type="stmt" count="1"/>
      <line num="210" type="stmt" count="1"/>
      <line num="220" type="method" name="mtime" visibility="public" complexity="3" crap="3" count="3"/>
      <line num="222" type="stmt" count="3"/>
      <line num="223" type="stmt" count="1"/>
      <line num="225" type="stmt" count="2"/>
      <line num="226" type="stmt" count="2"/>
      <line num="227" type="stmt" count="1"/>
      <line num="229" type="stmt" count="1"/>
      <line num="237" type="method" name="isFile" visibility="public" complexity="1" crap="1" count="1"/>
      <line num="239" type="stmt" count="1"/>
      <line num="247" type="method" name="isDir" visibility="public" complexity="1" crap="1" count="1"/>
      <line num="249" type="stmt" count="1"/>
      <line num="257" type="method" name="ext" visibility="public" complexity="1" crap="1" count="2"/>
      <line num="259" type="stmt" count="2"/>
      <line num="269" type="method" name="basename" visibility="public" complexity="1" crap="1" count="1"/>
      <line num="271" type="stmt" count="1"/>
      <line num="280" type="method" name="cd" visibility="public" complexity="3" crap="3" count="3"/>
      <line num="282" type="stmt" count="3"/>
      <line num="283" type="stmt" count="1"/>
      <line num="285" type="stmt" count="2"/>
      <line num="286" type="stmt" count="2"/>
      <line num="287" type="stmt" count="1"/>
      <line num="297" type="method" name="chdir" visibility="public" complexity="1" crap="1" count="1"/>
      <line num="299" type="stmt" count="1"/>
      <line num="309" type="method" name="name" visibility="public" complexity="1" crap="1" count="1"/>
      <line num="311" type="stmt" count="1"/>
      <line num="319" type="method" name="normCase" visibility="public" complexity="1" crap="1" count="1"/>
      <line num="321" type="stmt" count="1"/>
      <line num="322" type="stmt" count="1"/>
      <line num="323" type="stmt" count="1"/>
      <line num="324" type="stmt" count="1"/>
      <line num="325" type="stmt" count="1"/>
      <line num="334" type="method" name="normPath" visibility="public" complexity="14" crap="14.09" count="8"/>
      <line num="336" type="stmt" count="8"/>
      <line num="339" type="stmt" count="8"/>
      <line num="340" type="stmt" count="1"/>
      <line num="344" type="stmt" count="7"/>
      <line num="345" type="stmt" count="4"/>
      <line num="348" type="stmt" count="3"/>
      <line num="351" type="stmt" count="3"/>
      <line num="352" type="stmt" count="3"/>
      <line num="353" type="stmt" count="0"/>
      <line num="356" type="stmt" count="3"/>
      <line num="357" type="stmt" count="3"/>
      <line num="359" type="stmt" count="3"/>
      <line num="361" type="stmt" count="3"/>
      <line num="362" type="stmt" count="2"/>
      <line num="364" type="stmt" count="2"/>
      <line num="366" type="stmt" count="2"/>
      <line num="369" type="stmt" count="3"/>
      <line num="370" type="stmt" count="2"/>
      <line num="372" type="stmt" count="1"/>
      <line num="375" type="stmt" count="2"/>
      <line num="377" type="stmt" count="2"/>
      <line num="380" type="stmt" count="3"/>
      <line num="384" type="stmt" count="3"/>
      <line num="387" type="stmt" count="3"/>
      <line num="388" type="stmt" count="0"/>
      <line num="391" type="stmt" count="3"/>
      <line num="404" type="method" name="mkdir" visibility="public" complexity="5" crap="5" count="6"/>
      <line num="406" type="stmt" count="6"/>
      <line num="407" type="stmt" count="2"/>
      <line num="408" type="stmt" count="1"/>
      <line num="410" type="stmt" count="1"/>
      <line num="414" type="stmt" count="4"/>
      <line num="415" type="stmt" count="2"/>
      <line num="418" type="stmt" count="2"/>
      <line num="420" type="stmt" count="2"/>
      <line num="421" type="stmt" count="1"/>
      <line num="432" type="method" name="delete" visibility="public" complexity="5" crap="5" count="5"/>
      <line num="434" type="stmt" count="5"/>
      <line num="435" type="stmt" count="2"/>
      <line num="437" type="stmt" count="2"/>
      <line num="438" type="stmt" count="1"/>
      <line num="440" type="stmt" count="3"/>
      <line num="441" type="stmt" count="2"/>
      <line num="443" type="stmt" count="2"/>
      <line num="444" type="stmt" count="1"/>
      <line num="447" type="stmt" count="1"/>
      <line num="461" type="method" name="copy" visibility="public" complexity="7" crap="7" count="8"/>
      <line num="463" type="stmt" count="8"/>
      <line num="464" type="stmt" count="1"/>
      <line num="467" type="stmt" count="7"/>
      <line num="468" type="stmt" count="7"/>
      <line num="469" type="stmt" count="2"/>
      <line num="472" type="stmt" count="7"/>
      <line num="473" type="stmt" count="2"/>
      <line num="476" type="stmt" count="5"/>
      <line num="477" type="stmt" count="1"/>
      <line num="480" type="stmt" count="4"/>
      <line num="481" type="stmt" count="4"/>
      <line num="482" type="stmt" count="1"/>
      <line num="485" type="stmt" count="3"/>
      <line num="498" type="method" name="copyTree" visibility="public" complexity="5" crap="5" count="4"/>
      <line num="500" type="stmt" count="4"/>
      <line num="501" type="stmt" count="1"/>
      <line num="504" type="stmt" count="3"/>
      <line num="505" type="stmt" count="1"/>
      <line num="508" type="stmt" count="2"/>
      <line num="510" type="stmt" count="2"/>
      <line num="511" type="stmt" count="2"/>
      <line num="514" type="stmt" count="2"/>
      <line num="515" type="stmt" count="1"/>
      <line num="516" type="stmt" count="1"/>
      <line num="519" type="stmt" count="2"/>
      <line num="532" type="method" name="move" visibility="public" complexity="4" crap="4" count="5"/>
      <line num="534" type="stmt" count="5"/>
      <line num="535" type="stmt" count="1"/>
      <line num="538" type="stmt" count="4"/>
      <line num="540" type="stmt" count="4"/>
      <line num="541" type="stmt" count="1"/>
      <line num="544" type="stmt" count="4"/>
      <line num="546" type="stmt" count="4"/>
      <line num="547" type="stmt" count="1"/>
      <line num="550" type="stmt" count="3"/>
      <line num="562" type="method" name="touch" visibility="public" complexity="4" crap="4" count="4"/>
      <line num="564" type="stmt" count="4"/>
      <line num="565" type="stmt" count="1"/>
      <line num="567" type="stmt" count="4"/>
      <line num="568" type="stmt" count="1"/>
      <line num="571" type="stmt" count="4"/>
      <line num="573" type="stmt" count="4"/>
      <line num="574" type="stmt" count="1"/>
      <line num="585" type="method" name="size" visibility="public" complexity="3" crap="3" count="3"/>
      <line num="587" type="stmt" count="3"/>
      <line num="588" type="stmt" count="1"/>
      <line num="591" type="stmt" count="2"/>
      <line num="593" type="stmt" count="2"/>
      <line num="594" type="stmt" count="1"/>
      <line num="597" type="stmt" count="1"/>
      <line num="605" type="method" name="parent" visibility="public" complexity="1" crap="1" count="1"/>
      <line num="607" type="stmt" count="1"/>
      <line num="608" type="stmt" count="1"/>
      <line num="609" type="stmt" count="1"/>
      <line num="618" type="method" name="dirname" visibility="public" complexity="1" crap="1" count="1"/>
      <line num="620" type="stmt" count="1"/>
      <line num="632" type="method" name="dirs" visibility="public" complexity="6" crap="6" count="2"/>
      <line num="634" type="stmt" count="2"/>
      <line num="635" type="stmt" count="1"/>
      <line num="638" type="stmt" count="1"/>
      <line num="640" type="stmt" count="1"/>
      <line num="641" type="stmt" count="1"/>
      <line num="642" type="stmt" count="1"/>
      <line num="645" type="stmt" count="1"/>
      <line num="647" type="stmt" count="1"/>
      <line num="648" type="stmt" count="1"/>
      <line num="652" type="stmt" count="1"/>
      <line num="661" type="method" name="files" visibility="public" complexity="6" crap="6" count="2"/>
      <line num="663" type="stmt" count="2"/>
      <line num="664" type="stmt" count="1"/>
      <line num="667" type="stmt" count="1"/>
      <line num="669" type="stmt" count="1"/>
      <line num="670" type="stmt" count="1"/>
      <line num="671" type="stmt" count="1"/>
      <line num="674" type="stmt" count="1"/>
      <line num="676" type="stmt" count="1"/>
      <line num="677" type="stmt" count="1"/>
      <line num="681" type="stmt" count="1"/>
      <line num="690" type="method" name="fnmatch" visibility="public" complexity="1" crap="1" count="1"/>
      <line num="692" type="stmt" count="1"/>
      <line num="701" type="method" name="getContent" visibility="public" complexity="3" crap="3" count="3"/>
      <line num="703" type="stmt" count="3"/>
      <line num="704" type="stmt" count="1"/>
      <line num="707" type="stmt" count="2"/>
      <line num="709" type="stmt" count="2"/>
      <line num="710" type="stmt" count="1"/>
      <line num="712" type="stmt" count="1"/>
      <line num="721" type="method" name="readText" visibility="public" complexity="1" crap="1" count="1"/>
      <line num="723" type="stmt" count="1"/>
      <line num="730" type="method" name="lines" visibility="public" complexity="1" crap="1" count="1"/>
      <line num="732" type="stmt" count="1"/>
      <line num="745" type="method" name="putContent" visibility="public" complexity="5" crap="5" count="4"/>
      <line num="747" type="stmt" count="4"/>
      <line num="748" type="stmt" count="1"/>
      <line num="751" type="stmt" count="3"/>
      <line num="752" type="stmt" count="3"/>
      <line num="753" type="stmt" count="3"/>
      <line num="754" type="stmt" count="3"/>
      <line num="755" type="stmt" count="3"/>
      <line num="757" type="stmt" count="3"/>
      <line num="758" type="stmt" count="1"/>
      <line num="761" type="stmt" count="2"/>
      <line num="772" type="method" name="putLines" visibility="public" complexity="1" crap="1" count="1"/>
      <line num="774" type="stmt" count="1"/>
      <line num="775" type="stmt" count="1"/>
      <line num="776" type="stmt" count="1"/>
      <line num="786" type="method" name="getPermissions" visibility="public" complexity="3" crap="3" count="3"/>
      <line num="788" type="stmt" count="3"/>
      <line num="789" type="stmt" count="1"/>
      <line num="792" type="stmt" count="2"/>
      <line num="794" type="stmt" count="2"/>
      <line num="795" type="stmt" count="1"/>
      <line num="798" type="stmt" count="1"/>
      <line num="809" type="method" name="setPermissions" visibility="public" complexity="4" crap="4" count="3"/>
      <line num="811" type="stmt" count="3"/>
      <line num="812" type="stmt" count="1"/>
      <line num="815" type="stmt" count="2"/>
      <line num="816" type="stmt" count="2"/>
      <line num="819" type="stmt" count="2"/>
      <line num="821" type="stmt" count="2"/>
      <line num="822" type="stmt" count="1"/>
      <line num="834" type="method" name="setOwner" visibility="public" complexity="5" crap="5" count="5"/>
      <line num="836" type="stmt" count="5"/>
      <line num="837" type="stmt" count="1"/>
      <line num="840" type="stmt" count="4"/>
      <line num="841" type="stmt" count="1"/>
      <line num="844" type="stmt" count="4"/>
      <line num="845" type="stmt" count="4"/>
      <line num="846" type="stmt" count="4"/>
      <line num="848" type="stmt" count="4"/>
      <line num="849" type="stmt" count="2"/>
      <line num="858" type="method" name="exists" visibility="public" complexity="1" crap="1" count="1"/>
      <line num="860" type="stmt" count="1"/>
      <line num="868" type="method" name="sameFile" visibility="public" complexity="1" crap="1" count="2"/>
      <line num="870" type="stmt" count="2"/>
      <line num="878" type="method" name="expand" visibility="public" complexity="1" crap="1" count="1"/>
      <line num="880" type="stmt" count="1"/>
      <line num="888" type="method" name="expandUser" visibility="public" complexity="2" crap="2" count="1"/>
      <line num="890" type="stmt" count="1"/>
      <line num="891" type="stmt" count="1"/>
      <line num="892" type="stmt" count="1"/>
      <line num="893" type="stmt" count="1"/>
      <line num="895" type="stmt" count="1"/>
      <line num="905" type="method" name="expandVars" visibility="public" complexity="2" crap="2" count="2"/>
      <line num="907" type="stmt" count="2"/>
      <line num="908" type="stmt" count="2"/>
      <line num="909" type="stmt" count="2"/>
      <line num="910" type="stmt" count="2"/>
      <line num="911" type="stmt" count="2"/>
      <line num="912" type="stmt" count="2"/>
      <line num="913" type="stmt" count="2"/>
      <line num="915" type="stmt" count="2"/>
      <line num="926" type="method" name="glob" visibility="public" complexity="3" crap="3" count="3"/>
      <line num="928" type="stmt" count="3"/>
      <line num="929" type="stmt" count="1"/>
      <line num="932" type="stmt" count="2"/>
      <line num="934" type="stmt" count="2"/>
      <line num="936" type="stmt" count="2"/>
      <line num="937" type="stmt" count="1"/>
      <line num="940" type="stmt" count="1"/>
      <line num="941" type="stmt" count="1"/>
      <line num="942" type="stmt" count="1"/>
      <line num="943" type="stmt" count="1"/>
      <line num="954" type="method" name="remove" visibility="public" complexity="3" crap="3" count="3"/>
      <line num="956" type="stmt" count="3"/>
      <line num="957" type="stmt" count="1"/>
      <line num="959" type="stmt" count="2"/>
      <line num="960" type="stmt" count="2"/>
      <line num="961" type="stmt" count="1"/>
      <line num="970" type="method" name="unlink" visibility="public" complexity="1" crap="1" count="1"/>
      <line num="972" type="stmt" count="1"/>
      <line num="982" type="method" name="remove_p" visibility="public" complexity="2" crap="2" count="2"/>
      <line num="984" type="stmt" count="2"/>
      <line num="985" type="stmt" count="1"/>
      <line num="987" type="stmt" count="1"/>
      <line num="996" type="method" name="rmdir" visibility="public" complexity="9" crap="9" count="6"/>
      <line num="998" type="stmt" count="6"/>
      <line num="999" type="stmt" count="2"/>
      <line num="1000" type="stmt" count="1"/>
      <line num="1002" type="stmt" count="1"/>
      <line num="1005" type="stmt" count="4"/>
      <line num="1006" type="stmt" count="4"/>
      <line num="1008" type="stmt" count="4"/>
      <line num="1009" type="stmt" count="1"/>
      <line num="1012" type="stmt" count="3"/>
      <line num="1013" type="stmt" count="1"/>
      <line num="1016" type="stmt" count="3"/>
      <line num="1017" type="stmt" count="1"/>
      <line num="1020" type="stmt" count="3"/>
      <line num="1022" type="stmt" count="3"/>
      <line num="1023" type="stmt" count="1"/>
      <line num="1031" type="method" name="rename" visibility="public" complexity="1" crap="1" count="1"/>
      <line num="1033" type="stmt" count="1"/>
      <line num="1039" type="method" name="readHash" visibility="public" complexity="2" crap="2" count="3"/>
      <line num="1041" type="stmt" count="3"/>
      <line num="1042" type="stmt" count="3"/>
      <line num="1043" type="stmt" count="2"/>
      <line num="1045" type="stmt" count="1"/>
      <line num="1055" type="method" name="readLink" visibility="public" complexity="3" crap="3" count="3"/>
      <line num="1057" type="stmt" count="3"/>
      <line num="1058" type="stmt" count="1"/>
      <line num="1060" type="stmt" count="2"/>
      <line num="1061" type="stmt" count="2"/>
      <line num="1062" type="stmt" count="1"/>
      <line num="1064" type="stmt" count="1"/>
      <line num="1075" type="method" name="open" visibility="public" complexity="3" crap="3" count="4"/>
      <line num="1077" type="stmt" count="4"/>
      <line num="1078" type="stmt" count="1"/>
      <line num="1081" type="stmt" count="3"/>
      <line num="1082" type="stmt" count="3"/>
      <line num="1083" type="stmt" count="1"/>
      <line num="1086" type="stmt" count="2"/>
      <line num="1092" type="method" name="walkDirs" visibility="public" complexity="3" crap="3" count="2"/>
      <line num="1094" type="stmt" count="2"/>
      <line num="1095" type="stmt" count="1"/>
      <line num="1098" type="stmt" count="1"/>
      <line num="1100" type="stmt" count="1"/>
      <line num="1101" type="stmt" count="1"/>
      <line num="1112" type="method" name="with" visibility="public" complexity="2" crap="2" count="4"/>
      <line num="1114" type="stmt" count="4"/>
      <line num="1116" type="stmt" count="4"/>
      <line num="1118" type="stmt" count="4"/>
      <line num="1119" type="stmt" count="4"/>
      <line num="1120" type="stmt" count="4"/>
      <line num="1134" type="method" name="chunks" visibility="public" complexity="3" crap="3" count="3"/>
      <line num="1136" type="stmt" count="3"/>
      <line num="1138" type="stmt" count="3"/>
      <line num="1139" type="stmt" count="3"/>
      <line num="1142" type="stmt" count="3"/>
      <line num="1143" type="stmt" count="3"/>
      <line num="1144" type="stmt" count="3"/>
      <line num="1154" type="method" name="isAbs" visibility="public" complexity="1" crap="1" count="2"/>
      <line num="1156" type="stmt" count="2"/>
      <line num="1166" type="method" name="chmod" visibility="public" complexity="1" crap="1" count="1"/>
      <line num="1168" type="stmt" count="1"/>
      <line num="1179" type="method" name="chown" visibility="public" complexity="1" crap="1" count="1"/>
      <line num="1181" type="stmt" count="1"/>
      <line num="1190" type="method" name="chroot" visibility="public" complexity="3" crap="3" count="3"/>
      <line num="1192" type="stmt" count="3"/>
      <line num="1193" type="stmt" count="1"/>
      <line num="1196" type="stmt" count="2"/>
      <line num="1197" type="stmt" count="2"/>
      <line num="1198" type="stmt" count="1"/>
      <line num="1207" type="method" name="isLink" visibility="public" complexity="1" crap="1" count="2"/>
      <line num="1209" type="stmt" count="2"/>
      <line num="1217" type="method" name="isMount" visibility="public" complexity="1" crap="1" count="2"/>
      <line num="1219" type="stmt" count="2"/>
      <line num="1231" type="method" name="link" visibility="public" complexity="4" crap="4" count="5"/>
      <line num="1233" type="stmt" count="5"/>
      <line num="1234" type="stmt" count="1"/>
      <line num="1237" type="stmt" count="4"/>
      <line num="1239" type="stmt" count="4"/>
      <line num="1240" type="stmt" count="1"/>
      <line num="1243" type="stmt" count="3"/>
      <line num="1245" type="stmt" count="3"/>
      <line num="1246" type="stmt" count="1"/>
      <line num="1249" type="stmt" count="2"/>
      <line num="1258" type="method" name="lstat" visibility="public" complexity="2" crap="2" count="2"/>
      <line num="1260" type="stmt" count="2"/>
      <line num="1261" type="stmt" count="2"/>
      <line num="1262" type="stmt" count="1"/>
      <line num="1264" type="stmt" count="1"/>
      <line num="1276" type="method" name="symlink" visibility="public" complexity="4" crap="4" count="4"/>
      <line num="1278" type="stmt" count="4"/>
      <line num="1279" type="stmt" count="1"/>
      <line num="1282" type="stmt" count="3"/>
      <line num="1284" type="stmt" count="3"/>
      <line num="1285" type="stmt" count="1"/>
      <line num="1288" type="stmt" count="2"/>
      <line num="1290" type="stmt" count="2"/>
      <line num="1291" type="stmt" count="1"/>
      <line num="1294" type="stmt" count="1"/>
      <line num="1308" type="method" name="parts" visibility="public" complexity="2" crap="2" count="2"/>
      <line num="1310" type="stmt" count="2"/>
      <line num="1311" type="stmt" count="2"/>
      <line num="1312" type="stmt" count="1"/>
      <line num="1314" type="stmt" count="2"/>
      <line num="1315" type="stmt" count="2"/>
      <line num="1326" type="method" name="getRelativePath" visibility="public" complexity="6" crap="6" count="3"/>
      <line num="1328" type="stmt" count="3"/>
      <line num="1329" type="stmt" count="1"/>
      <line num="1332" type="stmt" count="2"/>
      <line num="1333" type="stmt" count="2"/>
      <line num="1335" type="stmt" count="2"/>
      <line num="1336" type="stmt" count="2"/>
      <line num="1337" type="stmt" count="1"/>
      <line num="1340" type="stmt" count="1"/>
      <line num="1341" type="stmt" count="1"/>
      <line num="1343" type="stmt" count="1"/>
      <line num="1344" type="stmt" count="1"/>
      <line num="1345" type="stmt" count="1"/>
      <line num="1348" type="stmt" count="1"/>
      <metrics loc="1350" ncloc="861" classes="1" methods="70" coveredmethods="69" conditionals="0" coveredconditionals="0" statements="356" coveredstatements="354" elements="426" coveredelements="423"/>
    </file>
    <metrics files="1" loc="1350" ncloc="861" classes="1" methods="70" coveredmethods="69" conditionals="0" coveredconditionals="0" statements="356" coveredstatements="354" elements="426" coveredelements="423"/>
  </project>
</coverage>
